2021-08-18 00:18:22,068 - mimikko.py[line:150] - ERROR: HTTPSConnectionPool(host='api1.mimikko.cn', port=443): Read timed out. (read timeout=300)
2021-08-18 00:23:22,900 - mimikko.py[line:150] - ERROR: HTTPSConnectionPool(host='api1.mimikko.cn', port=443): Read timed out. (read timeout=300)
2021-08-18 00:23:33,101 - mimikko.py[line:112] - INFO: {'code': 'nemuri', 'app_version': '3.1.7', 'max_favorability': 135950, 'servant_list': ['nemuri', 'momona', 'miruku2']}写入文件/home/runner/work/mimikkoAutoSignIn/mimikkoAutoSignIn/config.json完成...
2021-08-18 00:23:33,101 - mimikko.py[line:194] - INFO: sign_data:
None
2021-08-18 00:23:33,101 - mimikko.py[line:204] - INFO: energy_info_data:
None
2021-08-18 00:23:33,101 - mimikko.py[line:213] - INFO: energy_reward_data:
您的能量值不足，无法兑换
2021-08-18 00:23:33,101 - mimikko.py[line:220] - INFO: sign_history:
{'code': '0', 'body': {'startTime': 1629217412963, 'endTime': 1626624000000, 'registrationDate': None, 'signLogs': [{'signDate': 1629130442000}, {'signDate': 1629043948000}, {'signDate': 1628957560000}, {'signDate': 1628871188000}, {'signDate': 1628784804000}, {'signDate': 1628698397000}, {'signDate': 1628611993000}, {'signDate': 1628525608000}, {'signDate': 1628439166000}, {'signDate': 1628352751000}, {'signDate': 1628266412000}, {'signDate': 1628179998000}, {'signDate': 1628093633000}, {'signDate': 1628007196000}, {'signDate': 1627920847000}, {'signDate': 1627834356000}, {'signDate': 1627747953000}, {'signDate': 1627704000000}, {'signDate': 1627575233000}, {'signDate': 1627488838000}, {'signDate': 1627402402000}, {'signDate': 1627316011000}, {'signDate': 1627229538000}, {'signDate': 1627143141000}, {'signDate': 1627056808000}, {'signDate': 1627012803000}, {'signDate': 1626926402000}, {'signDate': 1626797590000}, {'signDate': 1626711185000}, {'signDate': 1626624738000}]}}
2021-08-18 12:11:48,703 - mimikko.py[line:112] - INFO: {'code': 'nemuri', 'app_version': '3.1.7', 'max_favorability': 135950, 'servant_list': ['nemuri', 'momona', 'miruku2']}写入文件/home/runner/work/mimikkoAutoSignIn/mimikkoAutoSignIn/config.json完成...
2021-08-18 12:11:48,719 - mimikko.py[line:194] - INFO: sign_data:
{'code': '0', 'body': {'date': None, 'signTime': None, 'Name': '——《全职猎人》', 'Description': '冈，你就像光一样，但有时太过刺眼，使我无法直视你……即使这样，你还是肯跟我在一起吗？', 'PictureUrl': 'https://mimikko.oss-cn-shanghai.aliyuncs.com/file/20210809/20210809172259_w3sw.jpg', 'Reward': 50, 'GetCoin': 7, 'GetExp': 0}}
2021-08-18 12:11:48,719 - mimikko.py[line:204] - INFO: energy_info_data:
{'code': '0', 'msg': '操作成功', 'body': {'Favorability': 106300, 'MaxFavorability': 136000, 'Level': 4, 'LevelDescription': '四级', 'Energy': 0, 'MaxEnergy': 100, 'AssistLevels': [{'value': 1, 'maxSensitivity': 10000, 'description': '一级'}, {'value': 2, 'maxSensitivity': 36000, 'description': '二级'}, {'value': 3, 'maxSensitivity': 78000, 'description': '三级'}, {'value': 4, 'maxSensitivity': 136000, 'description': '四级'}], 'NicekNames': [], 'code': 'nemuri'}, 'ok': True}
2021-08-18 12:11:48,719 - mimikko.py[line:213] - INFO: energy_reward_data:
您的能量值不足，无法兑换
2021-08-18 12:11:48,719 - mimikko.py[line:220] - INFO: sign_history:
{'code': '0', 'body': {'startTime': 1629259908554, 'endTime': 1626624000000, 'registrationDate': None, 'signLogs': [{'signDate': 1629259200000}, {'signDate': 1629130442000}, {'signDate': 1629043948000}, {'signDate': 1628957560000}, {'signDate': 1628871188000}, {'signDate': 1628784804000}, {'signDate': 1628698397000}, {'signDate': 1628611993000}, {'signDate': 1628525608000}, {'signDate': 1628439166000}, {'signDate': 1628352751000}, {'signDate': 1628266412000}, {'signDate': 1628179998000}, {'signDate': 1628093633000}, {'signDate': 1628007196000}, {'signDate': 1627920847000}, {'signDate': 1627834356000}, {'signDate': 1627747953000}, {'signDate': 1627704000000}, {'signDate': 1627575233000}, {'signDate': 1627488838000}, {'signDate': 1627402402000}, {'signDate': 1627316011000}, {'signDate': 1627229538000}, {'signDate': 1627143141000}, {'signDate': 1627056808000}, {'signDate': 1627012803000}, {'signDate': 1626926402000}, {'signDate': 1626797590000}, {'signDate': 1626711185000}, {'signDate': 1626624738000}]}}
