2021-07-11 00:12:24,461 - mimikko.py[line:112] - INFO: {'code': 'nemuri', 'app_version': '3.1.7', 'max_favorability': 135950, 'servant_list': ['nemuri', 'momona', 'miruku2']}写入文件/home/runner/work/mimikkoAutoSignIn/mimikkoAutoSignIn/config.json完成...
2021-07-11 00:12:24,477 - mimikko.py[line:194] - INFO: sign_data:
{'code': '0', 'body': {'date': '2021-07-11T00:12:16+0800', 'signTime': 1625933536876, 'Name': '——《火影忍者》', 'Description': '人的命运是像云彩一样只能随风漂流，还是说云彩它自己选择了方向，我现在还不是很清楚。但无论是那种情况，它们都可能漂流往同一个方向，但如果选择了后者的话，人就会朝着自己的人生目标而不断努力，拥有这种想法的人才是真正的强者。', 'PictureUrl': 'https://mimikko.oss-cn-shanghai.aliyuncs.com/file/20210709/20210709163903_76o9.jpg', 'Reward': 50, 'GetCoin': 7, 'GetExp': 95}}
2021-07-11 00:12:24,477 - mimikko.py[line:204] - INFO: energy_info_data:
{'code': '0', 'msg': '操作成功', 'body': {'Favorability': 99147, 'MaxFavorability': 136000, 'Level': 4, 'LevelDescription': '四级', 'Energy': 24, 'MaxEnergy': 100, 'AssistLevels': [{'value': 1, 'maxSensitivity': 10000, 'description': '一级'}, {'value': 2, 'maxSensitivity': 36000, 'description': '二级'}, {'value': 3, 'maxSensitivity': 78000, 'description': '三级'}, {'value': 4, 'maxSensitivity': 136000, 'description': '四级'}], 'NicekNames': [], 'code': 'nemuri'}, 'ok': True}
2021-07-11 00:12:24,478 - mimikko.py[line:213] - INFO: energy_reward_data:
{'code': '0', 'msg': '操作成功', 'body': {'Favorability': 99171, 'MaxFavorability': 136000, 'Level': 4, 'LevelDescription': '四级', 'Energy': 0, 'MaxEnergy': 100, 'AssistLevels': [{'value': 1, 'maxSensitivity': 10000, 'description': '一级'}, {'value': 2, 'maxSensitivity': 36000, 'description': '二级'}, {'value': 3, 'maxSensitivity': 78000, 'description': '三级'}, {'value': 4, 'maxSensitivity': 136000, 'description': '四级'}], 'NicekNames': [], 'code': 'nemuri'}, 'ok': True}
2021-07-11 00:12:24,478 - mimikko.py[line:220] - INFO: sign_history:
{'code': '0', 'body': {'startTime': 1625933544310, 'endTime': 1623340800000, 'registrationDate': None, 'signLogs': [{'signDate': 1625933536000}, {'signDate': 1625847211000}, {'signDate': 1625761081000}, {'signDate': 1625674738000}, {'signDate': 1625587984000}, {'signDate': 1625501581000}, {'signDate': 1625415136000}, {'signDate': 1625328740000}, {'signDate': 1625242487000}, {'signDate': 1625155979000}, {'signDate': 1625069589000}, {'signDate': 1624983191000}, {'signDate': 1624896891000}, {'signDate': 1624810344000}, {'signDate': 1624723947000}, {'signDate': 1624637570000}, {'signDate': 1624551269000}, {'signDate': 1624465079000}, {'signDate': 1624378985000}, {'signDate': 1624292596000}, {'signDate': 1624206102000}, {'signDate': 1624119705000}, {'signDate': 1624075201000}, {'signDate': 1623947096000}, {'signDate': 1623860662000}, {'signDate': 1623816000000}, {'signDate': 1623687852000}, {'signDate': 1623601380000}, {'signDate': 1623514975000}, {'signDate': 1623428735000}, {'signDate': 1623342603000}]}}
2021-07-11 12:11:21,769 - mimikko.py[line:150] - ERROR: ('Connection aborted.', ConnectionResetError(104, 'Connection reset by peer'))
2021-07-11 12:11:23,173 - mimikko.py[line:150] - ERROR: ('Connection aborted.', ConnectionResetError(104, 'Connection reset by peer'))
2021-07-11 12:11:23,174 - mimikko.py[line:112] - INFO: {'code': 'nemuri', 'app_version': '3.1.7', 'max_favorability': 135950, 'servant_list': ['nemuri', 'momona', 'miruku2']}写入文件/home/runner/work/mimikkoAutoSignIn/mimikkoAutoSignIn/config.json完成...
2021-07-11 12:11:23,174 - mimikko.py[line:194] - INFO: sign_data:
{'code': '0', 'body': {'date': None, 'signTime': None, 'Name': '——《火影忍者》', 'Description': '人的命运是像云彩一样只能随风漂流，还是说云彩它自己选择了方向，我现在还不是很清楚。但无论是那种情况，它们都可能漂流往同一个方向，但如果选择了后者的话，人就会朝着自己的人生目标而不断努力，拥有这种想法的人才是真正的强者。', 'PictureUrl': 'https://mimikko.oss-cn-shanghai.aliyuncs.com/file/20210709/20210709163903_76o9.jpg', 'Reward': 50, 'GetCoin': 7, 'GetExp': 0}}
2021-07-11 12:11:23,175 - mimikko.py[line:204] - INFO: energy_info_data:
{'code': '0', 'msg': '操作成功', 'body': {'Favorability': 99171, 'MaxFavorability': 136000, 'Level': 4, 'LevelDescription': '四级', 'Energy': 0, 'MaxEnergy': 100, 'AssistLevels': [{'value': 1, 'maxSensitivity': 10000, 'description': '一级'}, {'value': 2, 'maxSensitivity': 36000, 'description': '二级'}, {'value': 3, 'maxSensitivity': 78000, 'description': '三级'}, {'value': 4, 'maxSensitivity': 136000, 'description': '四级'}], 'NicekNames': [], 'code': 'nemuri'}, 'ok': True}
2021-07-11 12:11:23,175 - mimikko.py[line:213] - INFO: energy_reward_data:
您的能量值不足，无法兑换
2021-07-11 12:11:23,176 - mimikko.py[line:220] - INFO: sign_history:
None
