2021-07-26 00:17:18,917 - mimikko.py[line:150] - ERROR: HTTPSConnectionPool(host='api1.mimikko.cn', port=443): Read timed out. (read timeout=300)
2021-07-26 00:17:26,186 - mimikko.py[line:112] - INFO: {'code': 'nemuri', 'app_version': '3.1.7', 'max_favorability': 135950, 'servant_list': ['nemuri', 'momona', 'miruku2']}写入文件/home/runner/work/mimikkoAutoSignIn/mimikkoAutoSignIn/config.json完成...
2021-07-26 00:17:26,187 - mimikko.py[line:194] - INFO: sign_data:
{'code': '0', 'body': {'date': '2021-07-26T00:12:18+0800', 'signTime': 1627229538076, 'Name': '——《闪灵二人组》', 'Description': '人生就如同是把乱掉的拼图重新拼凑起来，慢慢地拼出未知的图画，但是真正的图画在最后的一片拼图拼上去之前无人知晓。', 'PictureUrl': 'https://mimikko.oss-cn-shanghai.aliyuncs.com/file/20210723/20210723193033_6toa.jpg', 'Reward': 50, 'GetCoin': 7, 'GetExp': 95}}
2021-07-26 00:17:26,187 - mimikko.py[line:204] - INFO: energy_info_data:
None
2021-07-26 00:17:26,187 - mimikko.py[line:213] - INFO: energy_reward_data:
您的能量值不足，无法兑换
2021-07-26 00:17:26,187 - mimikko.py[line:220] - INFO: sign_history:
{'code': '0', 'body': {'startTime': 1627229846046, 'endTime': 1624636800000, 'registrationDate': None, 'signLogs': [{'signDate': 1627229538000}, {'signDate': 1627143141000}, {'signDate': 1627056808000}, {'signDate': 1627012803000}, {'signDate': 1626926402000}, {'signDate': 1626797590000}, {'signDate': 1626711185000}, {'signDate': 1626624738000}, {'signDate': 1626538361000}, {'signDate': 1626451986000}, {'signDate': 1626365589000}, {'signDate': 1626279205000}, {'signDate': 1626192800000}, {'signDate': 1626106402000}, {'signDate': 1626019928000}, {'signDate': 1625933536000}, {'signDate': 1625847211000}, {'signDate': 1625761081000}, {'signDate': 1625674738000}, {'signDate': 1625587984000}, {'signDate': 1625501581000}, {'signDate': 1625415136000}, {'signDate': 1625328740000}, {'signDate': 1625242487000}, {'signDate': 1625155979000}, {'signDate': 1625069589000}, {'signDate': 1624983191000}, {'signDate': 1624896891000}, {'signDate': 1624810344000}, {'signDate': 1624723947000}, {'signDate': 1624637570000}]}}
2021-07-26 12:13:51,213 - mimikko.py[line:150] - ERROR: HTTPSConnectionPool(host='api1.mimikko.cn', port=443): Max retries exceeded with url: /client/love/GetUserServantInstance?code=nemuri (Caused by NewConnectionError('<urllib3.connection.HTTPSConnection object at 0x7ffac839f550>: Failed to establish a new connection: [Errno 110] Connection timed out'))
2021-07-26 12:16:02,285 - mimikko.py[line:150] - ERROR: HTTPSConnectionPool(host='api1.mimikko.cn', port=443): Max retries exceeded with url: /client/Servant/SetDefaultServant?code=nemuri (Caused by NewConnectionError('<urllib3.connection.HTTPSConnection object at 0x7ffac839f8b0>: Failed to establish a new connection: [Errno 110] Connection timed out'))
2021-07-26 12:18:17,453 - mimikko.py[line:150] - ERROR: HTTPConnectionPool(host='api1.mimikko.cn', port=80): Max retries exceeded with url: /client/dailysignin/log/30/0 (Caused by NewConnectionError('<urllib3.connection.HTTPConnection object at 0x7ffac837e850>: Failed to establish a new connection: [Errno 110] Connection timed out'))
2021-07-26 12:18:17,453 - mimikko.py[line:112] - INFO: {'code': 'nemuri', 'app_version': '3.1.7', 'max_favorability': 135950, 'servant_list': ['nemuri', 'momona', 'miruku2']}写入文件/home/runner/work/mimikkoAutoSignIn/mimikkoAutoSignIn/config.json完成...
2021-07-26 12:18:17,454 - mimikko.py[line:194] - INFO: sign_data:
{'code': '0', 'body': {'date': None, 'signTime': None, 'Name': '——《闪灵二人组》', 'Description': '人生就如同是把乱掉的拼图重新拼凑起来，慢慢地拼出未知的图画，但是真正的图画在最后的一片拼图拼上去之前无人知晓。', 'PictureUrl': 'https://mimikko.oss-cn-shanghai.aliyuncs.com/file/20210723/20210723193033_6toa.jpg', 'Reward': 50, 'GetCoin': 7, 'GetExp': 0}}
2021-07-26 12:18:17,454 - mimikko.py[line:204] - INFO: energy_info_data:
None
2021-07-26 12:18:17,454 - mimikko.py[line:213] - INFO: energy_reward_data:
您的能量值不足，无法兑换
2021-07-26 12:18:17,454 - mimikko.py[line:220] - INFO: sign_history:
None
