2021-07-23 00:13:43,470 - mimikko.py[line:150] - ERROR: HTTPSConnectionPool(host='api1.mimikko.cn', port=443): Max retries exceeded with url: /client/RewardRuleInfo/SignAndSignInformationV3 (Caused by NewConnectionError('<urllib3.connection.HTTPSConnection object at 0x7f140ab066d0>: Failed to establish a new connection: [Errno 111] Connection refused'))
2021-07-23 00:13:43,932 - mimikko.py[line:150] - ERROR: HTTPSConnectionPool(host='api1.mimikko.cn', port=443): Max retries exceeded with url: /client/love/GetUserServantInstance?code=nemuri (Caused by NewConnectionError('<urllib3.connection.HTTPSConnection object at 0x7f140ab064f0>: Failed to establish a new connection: [Errno 111] Connection refused'))
2021-07-23 00:13:44,333 - mimikko.py[line:150] - ERROR: HTTPSConnectionPool(host='api1.mimikko.cn', port=443): Max retries exceeded with url: /client/Servant/SetDefaultServant?code=nemuri (Caused by NewConnectionError('<urllib3.connection.HTTPSConnection object at 0x7f140aa90100>: Failed to establish a new connection: [Errno 111] Connection refused'))
2021-07-23 00:13:44,767 - mimikko.py[line:150] - ERROR: HTTPConnectionPool(host='api1.mimikko.cn', port=80): Max retries exceeded with url: /client/user/GetUserSignedInformation (Caused by NewConnectionError('<urllib3.connection.HTTPConnection object at 0x7f140b6d2160>: Failed to establish a new connection: [Errno 111] Connection refused'))
2021-07-23 00:13:44,938 - mimikko.py[line:150] - ERROR: HTTPConnectionPool(host='api1.mimikko.cn', port=80): Max retries exceeded with url: /client/dailysignin/log/30/0 (Caused by NewConnectionError('<urllib3.connection.HTTPConnection object at 0x7f140ab06b20>: Failed to establish a new connection: [Errno 111] Connection refused'))
2021-07-23 00:13:44,939 - mimikko.py[line:112] - INFO: {'code': 'nemuri', 'app_version': '3.1.7', 'max_favorability': 135950, 'servant_list': ['nemuri', 'momona', 'miruku2']}写入文件/home/runner/work/mimikkoAutoSignIn/mimikkoAutoSignIn/config.json完成...
2021-07-23 00:13:44,940 - mimikko.py[line:194] - INFO: sign_data:
None
2021-07-23 00:13:44,940 - mimikko.py[line:204] - INFO: energy_info_data:
None
2021-07-23 00:13:44,941 - mimikko.py[line:213] - INFO: energy_reward_data:
您的能量值不足，无法兑换
2021-07-23 00:13:44,941 - mimikko.py[line:220] - INFO: sign_history:
None
2021-07-23 12:11:51,336 - mimikko.py[line:112] - INFO: {'code': 'nemuri', 'app_version': '3.1.7', 'max_favorability': 135950, 'servant_list': ['nemuri', 'momona', 'miruku2']}写入文件/home/runner/work/mimikkoAutoSignIn/mimikkoAutoSignIn/config.json完成...
2021-07-23 12:11:51,353 - mimikko.py[line:194] - INFO: sign_data:
{'code': '0', 'body': {'date': None, 'signTime': None, 'Name': '——《蜂蜜与四叶草》', 'Description': '小时候，我不明白摩天轮是为什么而存在的，很缓慢，只是高而已，只坐过一次就厌倦了，过山车和环行滑车，我眼里只有那些令人兴奋的游乐设施。不过，如今总觉得自己好像明白了，这种名叫摩天轮的游乐设施，是为了和喜欢的人一起，慢慢地跨越天空才存在的。也许是，一边说着「有点害怕呢」，一定是。', 'PictureUrl': 'https://mimikko.oss-cn-shanghai.aliyuncs.com/file/20210722/20210722201618_2ccc.jpg', 'Reward': 50, 'GetCoin': 7, 'GetExp': 0}}
2021-07-23 12:11:51,353 - mimikko.py[line:204] - INFO: energy_info_data:
{'code': '0', 'msg': '操作成功', 'body': {'Favorability': 100680, 'MaxFavorability': 136000, 'Level': 4, 'LevelDescription': '四级', 'Energy': 0, 'MaxEnergy': 100, 'AssistLevels': [{'value': 1, 'maxSensitivity': 10000, 'description': '一级'}, {'value': 2, 'maxSensitivity': 36000, 'description': '二级'}, {'value': 3, 'maxSensitivity': 78000, 'description': '三级'}, {'value': 4, 'maxSensitivity': 136000, 'description': '四级'}], 'NicekNames': [], 'code': 'nemuri'}, 'ok': True}
2021-07-23 12:11:51,353 - mimikko.py[line:213] - INFO: energy_reward_data:
您的能量值不足，无法兑换
2021-07-23 12:11:51,354 - mimikko.py[line:220] - INFO: sign_history:
{'code': '0', 'body': {'startTime': 1627013511195, 'endTime': 1624377600000, 'registrationDate': None, 'signLogs': [{'signDate': 1627012803000}, {'signDate': 1626926402000}, {'signDate': 1626797590000}, {'signDate': 1626711185000}, {'signDate': 1626624738000}, {'signDate': 1626538361000}, {'signDate': 1626451986000}, {'signDate': 1626365589000}, {'signDate': 1626279205000}, {'signDate': 1626192800000}, {'signDate': 1626106402000}, {'signDate': 1626019928000}, {'signDate': 1625933536000}, {'signDate': 1625847211000}, {'signDate': 1625761081000}, {'signDate': 1625674738000}, {'signDate': 1625587984000}, {'signDate': 1625501581000}, {'signDate': 1625415136000}, {'signDate': 1625328740000}, {'signDate': 1625242487000}, {'signDate': 1625155979000}, {'signDate': 1625069589000}, {'signDate': 1624983191000}, {'signDate': 1624896891000}, {'signDate': 1624810344000}, {'signDate': 1624723947000}, {'signDate': 1624637570000}, {'signDate': 1624551269000}, {'signDate': 1624465079000}, {'signDate': 1624378985000}]}}
