2021-07-06 00:13:08,713 - mimikko.py[line:112] - INFO: {'code': 'nemuri', 'app_version': '3.1.7', 'max_favorability': 135950, 'servant_list': ['nemuri', 'momona', 'miruku2']}写入文件/home/runner/work/mimikkoAutoSignIn/mimikkoAutoSignIn/config.json完成...
2021-07-06 00:13:08,728 - mimikko.py[line:194] - INFO: sign_data:
{'code': '0', 'body': {'date': '2021-07-06T00:13:01+0800', 'signTime': 1625501581260, 'Name': '——《家庭教师》', 'Description': '其实说实话，来到这里我一直不是很清楚什么是荣耀。我以前从没想过荣耀，也没想过要拥有那么了不起的东西。但云雀学长说，荣耀就是不能退让的东西。如果那样，我会毫不犹豫地回答，我的荣耀，就是伙伴……还有我的朋友们。', 'PictureUrl': 'https://mimikko.oss-cn-shanghai.aliyuncs.com/file/20210705/20210705200145_t4jc.jpg', 'Reward': 50, 'GetCoin': 7, 'GetExp': 95}}
2021-07-06 00:13:08,728 - mimikko.py[line:204] - INFO: energy_info_data:
{'code': '0', 'msg': '操作成功', 'body': {'Favorability': 98777, 'MaxFavorability': 136000, 'Level': 4, 'LevelDescription': '四级', 'Energy': 24, 'MaxEnergy': 100, 'AssistLevels': [{'value': 1, 'maxSensitivity': 10000, 'description': '一级'}, {'value': 2, 'maxSensitivity': 36000, 'description': '二级'}, {'value': 3, 'maxSensitivity': 78000, 'description': '三级'}, {'value': 4, 'maxSensitivity': 136000, 'description': '四级'}], 'NicekNames': [], 'code': 'nemuri'}, 'ok': True}
2021-07-06 00:13:08,728 - mimikko.py[line:213] - INFO: energy_reward_data:
{'code': '0', 'msg': '操作成功', 'body': {'Favorability': 98801, 'MaxFavorability': 136000, 'Level': 4, 'LevelDescription': '四级', 'Energy': 0, 'MaxEnergy': 100, 'AssistLevels': [{'value': 1, 'maxSensitivity': 10000, 'description': '一级'}, {'value': 2, 'maxSensitivity': 36000, 'description': '二级'}, {'value': 3, 'maxSensitivity': 78000, 'description': '三级'}, {'value': 4, 'maxSensitivity': 136000, 'description': '四级'}], 'NicekNames': [], 'code': 'nemuri'}, 'ok': True}
2021-07-06 00:13:08,728 - mimikko.py[line:220] - INFO: sign_history:
{'code': '0', 'body': {'startTime': 1625501588574, 'endTime': 1622908800000, 'registrationDate': None, 'signLogs': [{'signDate': 1625501581000}, {'signDate': 1625415136000}, {'signDate': 1625328740000}, {'signDate': 1625242487000}, {'signDate': 1625155979000}, {'signDate': 1625069589000}, {'signDate': 1624983191000}, {'signDate': 1624896891000}, {'signDate': 1624810344000}, {'signDate': 1624723947000}, {'signDate': 1624637570000}, {'signDate': 1624551269000}, {'signDate': 1624465079000}, {'signDate': 1624378985000}, {'signDate': 1624292596000}, {'signDate': 1624206102000}, {'signDate': 1624119705000}, {'signDate': 1624075201000}, {'signDate': 1623947096000}, {'signDate': 1623860662000}, {'signDate': 1623816000000}, {'signDate': 1623687852000}, {'signDate': 1623601380000}, {'signDate': 1623514975000}, {'signDate': 1623428735000}, {'signDate': 1623342603000}, {'signDate': 1623256214000}, {'signDate': 1623170263000}, {'signDate': 1623086319000}, {'signDate': 1622998311000}, {'signDate': 1622912105000}]}}
2021-07-06 12:13:12,134 - mimikko.py[line:150] - ERROR: HTTPSConnectionPool(host='api1.mimikko.cn', port=443): Max retries exceeded with url: /client/Servant/SetDefaultServant?code=nemuri (Caused by NewConnectionError('<urllib3.connection.HTTPSConnection object at 0x7f6790621280>: Failed to establish a new connection: [Errno 110] Connection timed out'))
2021-07-06 12:15:23,206 - mimikko.py[line:150] - ERROR: HTTPSConnectionPool(host='api1.mimikko.cn', port=443): Max retries exceeded with url: /client/user/GetUserSignedInformation (Caused by NewConnectionError('<urllib3.connection.HTTPSConnection object at 0x7f6790621a00>: Failed to establish a new connection: [Errno 110] Connection timed out'))
2021-07-06 12:15:25,052 - mimikko.py[line:112] - INFO: {'code': 'nemuri', 'app_version': '3.1.7', 'max_favorability': 135950, 'servant_list': ['nemuri', 'momona', 'miruku2']}写入文件/home/runner/work/mimikkoAutoSignIn/mimikkoAutoSignIn/config.json完成...
2021-07-06 12:15:25,052 - mimikko.py[line:194] - INFO: sign_data:
{'code': '0', 'body': {'date': None, 'signTime': None, 'Name': '——《家庭教师》', 'Description': '其实说实话，来到这里我一直不是很清楚什么是荣耀。我以前从没想过荣耀，也没想过要拥有那么了不起的东西。但云雀学长说，荣耀就是不能退让的东西。如果那样，我会毫不犹豫地回答，我的荣耀，就是伙伴……还有我的朋友们。', 'PictureUrl': 'https://mimikko.oss-cn-shanghai.aliyuncs.com/file/20210705/20210705200145_t4jc.jpg', 'Reward': 50, 'GetCoin': 7, 'GetExp': 0}}
2021-07-06 12:15:25,052 - mimikko.py[line:204] - INFO: energy_info_data:
{'code': '0', 'msg': '操作成功', 'body': {'Favorability': 98801, 'MaxFavorability': 136000, 'Level': 4, 'LevelDescription': '四级', 'Energy': 0, 'MaxEnergy': 100, 'AssistLevels': [{'value': 1, 'maxSensitivity': 10000, 'description': '一级'}, {'value': 2, 'maxSensitivity': 36000, 'description': '二级'}, {'value': 3, 'maxSensitivity': 78000, 'description': '三级'}, {'value': 4, 'maxSensitivity': 136000, 'description': '四级'}], 'NicekNames': [], 'code': 'nemuri'}, 'ok': True}
2021-07-06 12:15:25,052 - mimikko.py[line:213] - INFO: energy_reward_data:
您的能量值不足，无法兑换
2021-07-06 12:15:25,052 - mimikko.py[line:220] - INFO: sign_history:
{'code': '0', 'body': {'startTime': 1625544924923, 'endTime': 1622908800000, 'registrationDate': None, 'signLogs': [{'signDate': 1625501581000}, {'signDate': 1625415136000}, {'signDate': 1625328740000}, {'signDate': 1625242487000}, {'signDate': 1625155979000}, {'signDate': 1625069589000}, {'signDate': 1624983191000}, {'signDate': 1624896891000}, {'signDate': 1624810344000}, {'signDate': 1624723947000}, {'signDate': 1624637570000}, {'signDate': 1624551269000}, {'signDate': 1624465079000}, {'signDate': 1624378985000}, {'signDate': 1624292596000}, {'signDate': 1624206102000}, {'signDate': 1624119705000}, {'signDate': 1624075201000}, {'signDate': 1623947096000}, {'signDate': 1623860662000}, {'signDate': 1623816000000}, {'signDate': 1623687852000}, {'signDate': 1623601380000}, {'signDate': 1623514975000}, {'signDate': 1623428735000}, {'signDate': 1623342603000}, {'signDate': 1623256214000}, {'signDate': 1623170263000}, {'signDate': 1623086319000}, {'signDate': 1622998311000}, {'signDate': 1622912105000}]}}
