2021-07-07 00:13:10,587 - mimikko.py[line:112] - INFO: {'code': 'nemuri', 'app_version': '3.1.7', 'max_favorability': 135950, 'servant_list': ['nemuri', 'momona', 'miruku2']}写入文件/home/runner/work/mimikkoAutoSignIn/mimikkoAutoSignIn/config.json完成...
2021-07-07 00:13:10,606 - mimikko.py[line:194] - INFO: sign_data:
{'code': '0', 'body': {'date': '2021-07-07T00:13:04+0800', 'signTime': 1625587984298, 'Name': '——《银魂》', 'Description': '别说什么快逃了，别再一个人背负所有的事情，这太见外了。流着眼泪乞求帮助，痛哭流涕地来依靠我，想哭的时候就哭出来吧，想笑的时候就笑出来。当你哭到变丑的时候，我会比你哭得更丑，当你捧腹大笑时，我会比你笑得更大声。只要这样就好了，比起舍弃自我高洁地死去，还不如照自己的想法活下去，就算肮脏点也没关系。', 'PictureUrl': 'https://mimikko.oss-cn-shanghai.aliyuncs.com/file/20210706/20210706201336_6nlc.jpg', 'Reward': 50, 'GetCoin': 7, 'GetExp': 95}}
2021-07-07 00:13:10,606 - mimikko.py[line:204] - INFO: energy_info_data:
{'code': '0', 'msg': '操作成功', 'body': {'Favorability': 98851, 'MaxFavorability': 136000, 'Level': 4, 'LevelDescription': '四级', 'Energy': 24, 'MaxEnergy': 100, 'AssistLevels': [{'value': 1, 'maxSensitivity': 10000, 'description': '一级'}, {'value': 2, 'maxSensitivity': 36000, 'description': '二级'}, {'value': 3, 'maxSensitivity': 78000, 'description': '三级'}, {'value': 4, 'maxSensitivity': 136000, 'description': '四级'}], 'NicekNames': [], 'code': 'nemuri'}, 'ok': True}
2021-07-07 00:13:10,606 - mimikko.py[line:213] - INFO: energy_reward_data:
{'code': '0', 'msg': '操作成功', 'body': {'Favorability': 98875, 'MaxFavorability': 136000, 'Level': 4, 'LevelDescription': '四级', 'Energy': 0, 'MaxEnergy': 100, 'AssistLevels': [{'value': 1, 'maxSensitivity': 10000, 'description': '一级'}, {'value': 2, 'maxSensitivity': 36000, 'description': '二级'}, {'value': 3, 'maxSensitivity': 78000, 'description': '三级'}, {'value': 4, 'maxSensitivity': 136000, 'description': '四级'}], 'NicekNames': [], 'code': 'nemuri'}, 'ok': True}
2021-07-07 00:13:10,607 - mimikko.py[line:220] - INFO: sign_history:
{'code': '0', 'body': {'startTime': 1625587990465, 'endTime': 1622995200000, 'registrationDate': None, 'signLogs': [{'signDate': 1625587984000}, {'signDate': 1625501581000}, {'signDate': 1625415136000}, {'signDate': 1625328740000}, {'signDate': 1625242487000}, {'signDate': 1625155979000}, {'signDate': 1625069589000}, {'signDate': 1624983191000}, {'signDate': 1624896891000}, {'signDate': 1624810344000}, {'signDate': 1624723947000}, {'signDate': 1624637570000}, {'signDate': 1624551269000}, {'signDate': 1624465079000}, {'signDate': 1624378985000}, {'signDate': 1624292596000}, {'signDate': 1624206102000}, {'signDate': 1624119705000}, {'signDate': 1624075201000}, {'signDate': 1623947096000}, {'signDate': 1623860662000}, {'signDate': 1623816000000}, {'signDate': 1623687852000}, {'signDate': 1623601380000}, {'signDate': 1623514975000}, {'signDate': 1623428735000}, {'signDate': 1623342603000}, {'signDate': 1623256214000}, {'signDate': 1623170263000}, {'signDate': 1623086319000}, {'signDate': 1622998311000}]}}
2021-07-07 12:13:21,812 - mimikko.py[line:150] - ERROR: HTTPSConnectionPool(host='api1.mimikko.cn', port=443): Max retries exceeded with url: /client/love/GetUserServantInstance?code=nemuri (Caused by NewConnectionError('<urllib3.connection.HTTPSConnection object at 0x7f5e66e15070>: Failed to establish a new connection: [Errno 110] Connection timed out'))
2021-07-07 12:15:36,980 - mimikko.py[line:150] - ERROR: HTTPSConnectionPool(host='api1.mimikko.cn', port=443): Max retries exceeded with url: /client/dailysignin/log/30/0 (Caused by NewConnectionError('<urllib3.connection.HTTPSConnection object at 0x7f5e66e158b0>: Failed to establish a new connection: [Errno 110] Connection timed out'))
2021-07-07 12:15:36,981 - mimikko.py[line:112] - INFO: {'code': 'nemuri', 'app_version': '3.1.7', 'max_favorability': 135950, 'servant_list': ['nemuri', 'momona', 'miruku2']}写入文件/home/runner/work/mimikkoAutoSignIn/mimikkoAutoSignIn/config.json完成...
2021-07-07 12:15:36,981 - mimikko.py[line:194] - INFO: sign_data:
{'code': '0', 'body': {'date': None, 'signTime': None, 'Name': '——《银魂》', 'Description': '别说什么快逃了，别再一个人背负所有的事情，这太见外了。流着眼泪乞求帮助，痛哭流涕地来依靠我，想哭的时候就哭出来吧，想笑的时候就笑出来。当你哭到变丑的时候，我会比你哭得更丑，当你捧腹大笑时，我会比你笑得更大声。只要这样就好了，比起舍弃自我高洁地死去，还不如照自己的想法活下去，就算肮脏点也没关系。', 'PictureUrl': 'https://mimikko.oss-cn-shanghai.aliyuncs.com/file/20210706/20210706201336_6nlc.jpg', 'Reward': 50, 'GetCoin': 7, 'GetExp': 0}}
2021-07-07 12:15:36,981 - mimikko.py[line:204] - INFO: energy_info_data:
None
2021-07-07 12:15:36,981 - mimikko.py[line:213] - INFO: energy_reward_data:
您的能量值不足，无法兑换
2021-07-07 12:15:36,981 - mimikko.py[line:220] - INFO: sign_history:
None
