2021-09-02 00:15:48,081 - mimikko.py[line:150] - ERROR: HTTPSConnectionPool(host='api1.mimikko.cn', port=443): Max retries exceeded with url: /client/love/GetUserServantInstance?code=nemuri (Caused by NewConnectionError('<urllib3.connection.HTTPSConnection object at 0x7f42bbfaa5b0>: Failed to establish a new connection: [Errno 110] Connection timed out'))
2021-09-02 00:17:59,153 - mimikko.py[line:150] - ERROR: HTTPSConnectionPool(host='api1.mimikko.cn', port=443): Max retries exceeded with url: /client/Servant/SetDefaultServant?code=nemuri (Caused by NewConnectionError('<urllib3.connection.HTTPSConnection object at 0x7f42bbfaa880>: Failed to establish a new connection: [Errno 110] Connection timed out'))
2021-09-02 00:18:02,710 - mimikko.py[line:112] - INFO: {'code': 'nemuri', 'app_version': '3.1.7', 'max_favorability': 135950, 'servant_list': ['nemuri', 'momona', 'miruku2']}写入文件/home/runner/work/mimikkoAutoSignIn/mimikkoAutoSignIn/config.json完成...
2021-09-02 00:18:02,711 - mimikko.py[line:194] - INFO: sign_data:
{'code': '0', 'body': {'date': '2021-09-02T00:13:37+0800', 'signTime': 1630512817563, 'Name': '——《神曲奏界》', 'Description': '悲伤中产生的是温柔，愤怒中产生的是力量，但是憎恨中产生的东西，通常都是愚昧。', 'PictureUrl': 'https://mimikko.oss-cn-shanghai.aliyuncs.com/file/20210901/20210901210302_q7xk.jpg', 'Reward': 50, 'GetCoin': 7, 'GetExp': 95}}
2021-09-02 00:18:02,711 - mimikko.py[line:204] - INFO: energy_info_data:
None
2021-09-02 00:18:02,711 - mimikko.py[line:213] - INFO: energy_reward_data:
您的能量值不足，无法兑换
2021-09-02 00:18:02,712 - mimikko.py[line:220] - INFO: sign_history:
{'code': '0', 'body': {'startTime': 1630513082554, 'endTime': 1627920000000, 'registrationDate': None, 'signLogs': [{'signDate': 1630512817000}, {'signDate': 1630468800000}, {'signDate': 1630339995000}, {'signDate': 1630296000000}, {'signDate': 1630167166000}, {'signDate': 1630080782000}, {'signDate': 1629994446000}, {'signDate': 1629908004000}, {'signDate': 1629864000000}, {'signDate': 1629735207000}, {'signDate': 1629648759000}, {'signDate': 1629562354000}, {'signDate': 1629475988000}, {'signDate': 1629389597000}, {'signDate': 1629303215000}, {'signDate': 1629259200000}, {'signDate': 1629130442000}, {'signDate': 1629043948000}, {'signDate': 1628957560000}, {'signDate': 1628871188000}, {'signDate': 1628784804000}, {'signDate': 1628698397000}, {'signDate': 1628611993000}, {'signDate': 1628525608000}, {'signDate': 1628439166000}, {'signDate': 1628352751000}, {'signDate': 1628266412000}, {'signDate': 1628179998000}, {'signDate': 1628093633000}, {'signDate': 1628007196000}, {'signDate': 1627920847000}]}}
2021-09-02 12:11:32,326 - mimikko.py[line:112] - INFO: {'code': 'nemuri', 'app_version': '3.1.7', 'max_favorability': 135950, 'servant_list': ['nemuri', 'momona', 'miruku2']}写入文件/home/runner/work/mimikkoAutoSignIn/mimikkoAutoSignIn/config.json完成...
2021-09-02 12:11:32,339 - mimikko.py[line:194] - INFO: sign_data:
{'code': '0', 'body': {'date': None, 'signTime': None, 'Name': '——《神曲奏界》', 'Description': '悲伤中产生的是温柔，愤怒中产生的是力量，但是憎恨中产生的东西，通常都是愚昧。', 'PictureUrl': 'https://mimikko.oss-cn-shanghai.aliyuncs.com/file/20210901/20210901210302_q7xk.jpg', 'Reward': 50, 'GetCoin': 7, 'GetExp': 0}}
2021-09-02 12:11:32,340 - mimikko.py[line:204] - INFO: energy_info_data:
{'code': '0', 'msg': '操作成功', 'body': {'Favorability': 109017, 'MaxFavorability': 136000, 'Level': 4, 'LevelDescription': '四级', 'Energy': 0, 'MaxEnergy': 100, 'AssistLevels': [{'value': 1, 'maxSensitivity': 10000, 'description': '一级'}, {'value': 2, 'maxSensitivity': 36000, 'description': '二级'}, {'value': 3, 'maxSensitivity': 78000, 'description': '三级'}, {'value': 4, 'maxSensitivity': 136000, 'description': '四级'}], 'NicekNames': [], 'code': 'nemuri'}, 'ok': True}
2021-09-02 12:11:32,341 - mimikko.py[line:213] - INFO: energy_reward_data:
您的能量值不足，无法兑换
2021-09-02 12:11:32,341 - mimikko.py[line:220] - INFO: sign_history:
{'code': '0', 'body': {'startTime': 1630555892183, 'endTime': 1627920000000, 'registrationDate': None, 'signLogs': [{'signDate': 1630512817000}, {'signDate': 1630468800000}, {'signDate': 1630339995000}, {'signDate': 1630296000000}, {'signDate': 1630167166000}, {'signDate': 1630080782000}, {'signDate': 1629994446000}, {'signDate': 1629908004000}, {'signDate': 1629864000000}, {'signDate': 1629735207000}, {'signDate': 1629648759000}, {'signDate': 1629562354000}, {'signDate': 1629475988000}, {'signDate': 1629389597000}, {'signDate': 1629303215000}, {'signDate': 1629259200000}, {'signDate': 1629130442000}, {'signDate': 1629043948000}, {'signDate': 1628957560000}, {'signDate': 1628871188000}, {'signDate': 1628784804000}, {'signDate': 1628698397000}, {'signDate': 1628611993000}, {'signDate': 1628525608000}, {'signDate': 1628439166000}, {'signDate': 1628352751000}, {'signDate': 1628266412000}, {'signDate': 1628179998000}, {'signDate': 1628093633000}, {'signDate': 1628007196000}, {'signDate': 1627920847000}]}}
