2021-09-23 00:15:48,913 - mimikko.py[line:150] - ERROR: HTTPSConnectionPool(host='api1.mimikko.cn', port=443): Max retries exceeded with url: /client/love/GetUserServantInstance?code=nemuri (Caused by NewConnectionError('<urllib3.connection.HTTPSConnection object at 0x7f1fbedc08e0>: Failed to establish a new connection: [Errno 110] Connection timed out'))
2021-09-23 00:17:59,985 - mimikko.py[line:150] - ERROR: HTTPSConnectionPool(host='api1.mimikko.cn', port=443): Max retries exceeded with url: /client/Servant/SetDefaultServant?code=nemuri (Caused by NewConnectionError('<urllib3.connection.HTTPSConnection object at 0x7f1fbedc0bb0>: Failed to establish a new connection: [Errno 110] Connection timed out'))
2021-09-23 00:19:40,104 - mimikko.py[line:112] - INFO: {'code': 'nemuri', 'app_version': '3.1.7', 'max_favorability': 135950, 'servant_list': ['nemuri', 'momona', 'miruku2']}写入文件/home/runner/work/mimikkoAutoSignIn/mimikkoAutoSignIn/config.json完成...
2021-09-23 00:19:40,105 - mimikko.py[line:194] - INFO: sign_data:
{'code': '0', 'body': {'date': '2021-09-23T00:13:38+0800', 'signTime': 1632327218701, 'Name': '——《秽翼的尤斯蒂娅》', 'Description': '不知者无罪，但是知而无为，就是一种不可否认的罪孽。', 'PictureUrl': 'https://mimikko.oss-cn-shanghai.aliyuncs.com/file/20210922/20210922202922_11rl.jpg', 'Reward': 50, 'GetCoin': 7, 'GetExp': 95}}
2021-09-23 00:19:40,105 - mimikko.py[line:204] - INFO: energy_info_data:
None
2021-09-23 00:19:40,105 - mimikko.py[line:213] - INFO: energy_reward_data:
您的能量值不足，无法兑换
2021-09-23 00:19:40,105 - mimikko.py[line:220] - INFO: sign_history:
{'code': '0', 'body': {'startTime': 1632327579760, 'endTime': 1629734400000, 'registrationDate': None, 'signLogs': [{'signDate': 1632327218000}, {'signDate': 1632240800000}, {'signDate': 1632154415000}, {'signDate': 1632067957000}, {'signDate': 1632024000000}, {'signDate': 1631937600000}, {'signDate': 1631808793000}, {'signDate': 1631722325000}, {'signDate': 1631636000000}, {'signDate': 1631549560000}, {'signDate': 1631463154000}, {'signDate': 1631419205000}, {'signDate': 1631290396000}, {'signDate': 1631204005000}, {'signDate': 1631117600000}, {'signDate': 1631073600000}, {'signDate': 1630944791000}, {'signDate': 1630858368000}, {'signDate': 1630771964000}, {'signDate': 1630685605000}, {'signDate': 1630599226000}, {'signDate': 1630512817000}, {'signDate': 1630468800000}, {'signDate': 1630339995000}, {'signDate': 1630296000000}, {'signDate': 1630167166000}, {'signDate': 1630080782000}, {'signDate': 1629994446000}, {'signDate': 1629908004000}, {'signDate': 1629864000000}, {'signDate': 1629735207000}]}}
2021-09-23 12:11:51,396 - mimikko.py[line:112] - INFO: {'code': 'nemuri', 'app_version': '3.1.7', 'max_favorability': 135950, 'servant_list': ['nemuri', 'momona', 'miruku2']}写入文件/home/runner/work/mimikkoAutoSignIn/mimikkoAutoSignIn/config.json完成...
2021-09-23 12:11:51,417 - mimikko.py[line:194] - INFO: sign_data:
{'code': '0', 'body': {'date': None, 'signTime': None, 'Name': '——《秽翼的尤斯蒂娅》', 'Description': '不知者无罪，但是知而无为，就是一种不可否认的罪孽。', 'PictureUrl': 'https://mimikko.oss-cn-shanghai.aliyuncs.com/file/20210922/20210922202922_11rl.jpg', 'Reward': 50, 'GetCoin': 7, 'GetExp': 0}}
2021-09-23 12:11:51,418 - mimikko.py[line:204] - INFO: energy_info_data:
{'code': '0', 'msg': '操作成功', 'body': {'Favorability': 113931, 'MaxFavorability': 136000, 'Level': 4, 'LevelDescription': '四级', 'Energy': 0, 'MaxEnergy': 100, 'AssistLevels': [{'value': 1, 'maxSensitivity': 10000, 'description': '一级'}, {'value': 2, 'maxSensitivity': 36000, 'description': '二级'}, {'value': 3, 'maxSensitivity': 78000, 'description': '三级'}, {'value': 4, 'maxSensitivity': 136000, 'description': '四级'}], 'NicekNames': [], 'code': 'nemuri'}, 'ok': True}
2021-09-23 12:11:51,418 - mimikko.py[line:213] - INFO: energy_reward_data:
您的能量值不足，无法兑换
2021-09-23 12:11:51,418 - mimikko.py[line:220] - INFO: sign_history:
{'code': '0', 'body': {'startTime': 1632370311235, 'endTime': 1629734400000, 'registrationDate': None, 'signLogs': [{'signDate': 1632327218000}, {'signDate': 1632240800000}, {'signDate': 1632154415000}, {'signDate': 1632067957000}, {'signDate': 1632024000000}, {'signDate': 1631937600000}, {'signDate': 1631808793000}, {'signDate': 1631722325000}, {'signDate': 1631636000000}, {'signDate': 1631549560000}, {'signDate': 1631463154000}, {'signDate': 1631419205000}, {'signDate': 1631290396000}, {'signDate': 1631204005000}, {'signDate': 1631117600000}, {'signDate': 1631073600000}, {'signDate': 1630944791000}, {'signDate': 1630858368000}, {'signDate': 1630771964000}, {'signDate': 1630685605000}, {'signDate': 1630599226000}, {'signDate': 1630512817000}, {'signDate': 1630468800000}, {'signDate': 1630339995000}, {'signDate': 1630296000000}, {'signDate': 1630167166000}, {'signDate': 1630080782000}, {'signDate': 1629994446000}, {'signDate': 1629908004000}, {'signDate': 1629864000000}, {'signDate': 1629735207000}]}}
